#
# A fatal error has been detected by the Java Runtime Environment:
#
#  Internal Error (javaClasses.cpp:129), pid=4348, tid=2472
#  fatal error: Invalid layout of preloaded class
#
# JRE version: 7.0_25-b16
# Java VM: Java HotSpot(TM) Client VM (23.25-b01 mixed mode windows-x86 )
# Failed to write core dump. Minidumps are not enabled by default on client versions of Windows
#
# If you would like to submit a bug report, please visit:
#   http://bugreport.sun.com/bugreport/crash.jsp
#

---------------  T H R E A D  ---------------

Current thread (0x0183b400):  JavaThread "Unknown thread" [_thread_in_vm, id=2472, stack(0x012f0000,0x01340000)]

Stack: [0x012f0000,0x01340000],  sp=0x0133fa50,  free space=318k
Native frames: (J=compiled Java code, j=interpreted, Vv=VM code, C=native code)
V  [jvm.dll+0x167e31]
V  [jvm.dll+0x1620f6]
V  [jvm.dll+0x1f92f]
V  [jvm.dll+0x1f9b6]
V  [jvm.dll+0x2cffd]
V  [jvm.dll+0x2d2a9]
V  [jvm.dll+0x75351]
V  [jvm.dll+0x7570b]
V  [jvm.dll+0x123881]
V  [jvm.dll+0x1439cc]
V  [jvm.dll+0xa619f]
C  [javaw.exe+0x13ca]
C  [javaw.exe+0x1e3c]
C  [javaw.exe+0xa5b1]
C  [javaw.exe+0xa63b]
C  [kernel32.dll+0x4ed5c]  BaseThreadInitThunk+0x12
C  [ntdll.dll+0x637eb]  RtlInitializeExceptionChain+0xef
C  [ntdll.dll+0x637be]  RtlInitializeExceptionChain+0xc2


---------------  P R O C E S S  ---------------

Java Threads: ( => current thread )

Other Threads:

=>0x0183b400 (exited) JavaThread "Unknown thread" [_thread_in_vm, id=2472, stack(0x012f0000,0x01340000)]

VM state:not at safepoint (not fully initialized)

VM Mutex/Monitor currently owned by a thread: None

GC Heap History (0 events):
No events

Deoptimization events (0 events):
No events

Internal exceptions (0 events):
No events

Events (10 events):
Event: 0.014 loading class 0x016b3920 done
Event: 0.015 loading class 0x0183fa88 done
Event: 0.015 loading class 0x0183fa60
Event: 0.015 loading class 0x01726df8
Event: 0.016 loading class 0x01726df8 done
Event: 0.016 loading class 0x01726e30
Event: 0.016 loading class 0x01726e30 done
Event: 0.016 loading class 0x0171c098
Event: 0.016 loading class 0x0171c098 done
Event: 0.016 loading class 0x0183fa60 done


Dynamic libraries:
0x00160000 - 0x0018f000 	C:\Program Files\Java\jre7\bin\javaw.exe
0x77b70000 - 0x77cac000 	C:\Windows\SYSTEM32\ntdll.dll
0x76100000 - 0x761d4000 	C:\Windows\system32\kernel32.dll
0x75e70000 - 0x75ebb000 	C:\Windows\system32\KERNELBASE.dll
0x764c0000 - 0x76560000 	C:\Windows\system32\ADVAPI32.dll
0x767a0000 - 0x7684c000 	C:\Windows\system32\msvcrt.dll
0x77cf0000 - 0x77d09000 	C:\Windows\SYSTEM32\sechost.dll
0x76410000 - 0x764b2000 	C:\Windows\system32\RPCRT4.dll
0x76850000 - 0x76919000 	C:\Windows\system32\USER32.dll
0x76920000 - 0x7696e000 	C:\Windows\system32\GDI32.dll
0x77ce0000 - 0x77cea000 	C:\Windows\system32\LPK.dll
0x76e80000 - 0x76f1d000 	C:\Windows\system32\USP10.dll
0x74880000 - 0x74a1e000 	C:\Windows\WinSxS\x86_microsoft.windows.common-controls_6595b64144ccf1df_6.0.7601.17514_none_41e6975e2bd6f2b2\COMCTL32.dll
0x76240000 - 0x76297000 	C:\Windows\system32\SHLWAPI.dll
0x77d70000 - 0x77d8f000 	C:\Windows\system32\IMM32.DLL
0x766d0000 - 0x7679c000 	C:\Windows\system32\MSCTF.dll
0x53f00000 - 0x53fbe000 	C:\Program Files\Java\jre7\bin\msvcr100.dll
0x5db60000 - 0x5dea2000 	C:\Program Files\Java\jre7\bin\client\jvm.dll
0x6f2b0000 - 0x6f2b7000 	C:\Windows\system32\WSOCK32.dll
0x763d0000 - 0x76405000 	C:\Windows\system32\WS2_32.dll
0x77d60000 - 0x77d66000 	C:\Windows\system32\NSI.dll
0x74010000 - 0x74042000 	C:\Windows\system32\WINMM.dll
0x77d90000 - 0x77d95000 	C:\Windows\system32\PSAPI.DLL
0x72f60000 - 0x72f6c000 	C:\Program Files\Java\jre7\bin\verify.dll
0x69f90000 - 0x69fb0000 	C:\Program Files\Java\jre7\bin\java.dll
0x69f70000 - 0x69f83000 	C:\Program Files\Java\jre7\bin\zip.dll
0x71170000 - 0x7125b000 	C:\Windows\system32\dbghelp.dll

VM Arguments:
jvm_args: -Dfile.encoding=Cp1252 -Xbootclasspath:C:\Users\Arga\Documents\Android\adt-bundle-windows-x86-20131030\sdk\platforms\android-16\android.jar 
java_command: com.example.task.Splitter
Launcher Type: SUN_STANDARD

Environment Variables:
CLASSPATH=C:\tibco\tibrv\8.2\lib\tibrvj.jar;C:\tibco\tibrv\8.1\lib\tibrvj.jar
PATH=C:/Program Files/Java/jre7/bin/client;C:/Program Files/Java/jre7/bin;C:/Program Files/Java/jre7/lib/i386;C:\tibco\tibrv\8.2\bin;C:\tibco\tibrv\8.1\bin;C:\Windows\system32;C:\Windows;C:\Windows\System32\Wbem;C:\Windows\System32\WindowsPowerShell\v1.0\;C:\Program Files\WIDCOMM\Bluetooth Software\;C:\Program Files\Broadcom\Broadcom 802.11\Driver;C:\Program Files\TortoiseSVN\bin;C:\Program Files\nodejs\;C:\Users\Arga\AppData\Roaming\npm;C:\Users\Arga\Documents\Android\adt-bundle-windows-x86-20131030\eclipse;
USERNAME=Arga
OS=Windows_NT
PROCESSOR_IDENTIFIER=x86 Family 6 Model 37 Stepping 5, GenuineIntel



---------------  S Y S T E M  ---------------

OS: Windows 7 Build 7601 Service Pack 1

CPU:total 4 (2 cores per cpu, 2 threads per core) family 6 model 37 stepping 5, cmov, cx8, fxsr, mmx, sse, sse2, sse3, ssse3, sse4.1, sse4.2, popcnt, ht, tsc, tscinvbit

Memory: 4k page, physical 3069808k(867640k free), swap 6137864k(2809596k free)

vm_info: Java HotSpot(TM) Client VM (23.25-b01) for windows-x86 JRE (1.7.0_25-b16), built on Jun 12 2013 20:29:09 by "java_re" with unknown MS VC++:1600

time: Wed Dec 18 15:16:01 2013
elapsed time: 0 seconds

